<?xml version="1.0" encoding="UTF-8"?>
<!-- Generated by org.testng.reporters.JUnitXMLReporter -->
<testsuite ignored="0" hostname="MSI" failures="1" tests="6" name="Test" time="50.526" errors="0" timestamp="2024-11-28T22:03:28 IST">
  <testcase classname="org.Testcase.LoginTestcase" name="invalidUsername" time="1.873"/>
  <testcase classname="org.Testcase.LoginTestcase" name="invalidUsername" time="1.527"/>
  <testcase classname="org.Testcase.LoginTestcase" name="invalidUsername" time="1.493"/>
  <testcase classname="org.Testcase.LoginTestcase" name="invalidUsername" time="0.7"/>
  <testcase classname="org.Testcase.LoginTestcase" name="invalidUsername" time="0.631">
    <failure type="java.lang.IllegalArgumentException" message="Keys to send should be a not null CharSequence">
      <![CDATA[java.lang.IllegalArgumentException: Keys to send should be a not null CharSequence
at org.openqa.selenium.remote.RemoteWebElement.sendKeys(RemoteWebElement.java:96)
at org.orange.pages.loginpage.userName(loginpage.java:15)
at org.Testcase.LoginTestcase.invalidUsername(LoginTestcase.java:15)
at java.base/java.util.ArrayList.forEach(ArrayList.java:1597)
... Removed 25 stack frames]]>
    </failure>
  </testcase> <!-- invalidUsername -->
  <testcase classname="org.Testcase.Requirement" name="req" time="20.709"/>
</testsuite> <!-- Test -->
